{"level":20,"time":"2026-03-17T16:34:16.799Z","module":"user-controller","authClientFlag":false,"mode":"gmail-instance-creation","msg":"GMAIL_INSTANCE_CREATION_STARTED"}
{"level":20,"time":"2026-03-17T16:34:16.805Z","module":"user-controller","authClientFlag":true,"msg":"GMAIL_INSTANCE_CREATION_COMPLETED"}
{"level":30,"time":"2026-03-17T16:34:16.805Z","module":"user-controller","maxPagesToScan":"3","mode":"unsubscribe","msg":"MASTER_CONTROLLER_STARTED"}
{"level":30,"time":"2026-03-17T16:34:16.847Z","module":"user-controller","msg":"MESSAGES_COLLECTION_STARTED"}
{"level":20,"time":"2026-03-17T16:34:16.847Z","module":"gmail-api-worker","hasPageToken":false,"actionWhere":"Retrieve_ids","msg":"SERVICE_INVOKED"}
{"level":20,"time":"2026-03-17T16:34:16.847Z","module":"gmail-api-worker","incomingParam":"unsubscribe","msg":"MSG_IDS_FETCH_STARTED"}
{"level":20,"time":"2026-03-17T16:34:17.302Z","module":"gmail-api-worker","msgIdsFound":100,"nextPageTokenFound":true,"msg":"MSG_IDS_FETCH_FINISHED"}
{"level":20,"time":"2026-03-17T16:34:17.302Z","module":"gmail-api-worker","msgIdsReceived":true,"actionWhere":"Retrieve_msgs","msg":"MSGS_FETCH_STARTED"}
{"level":20,"time":"2026-03-17T16:34:18.289Z","module":"gmail-api-worker","retrievedMsgCount":100,"msg":"MSGS_FETCH_FINISHED"}
{"level":20,"time":"2026-03-17T16:34:18.290Z","module":"gmail-api-worker","rawMessagesReceived":true,"actionWhere":"Clean_msgs_unsubscribe_mass_mailers","msg":"MSG_CLEANING_STARTED"}
{"level":20,"time":"2026-03-17T16:34:18.293Z","module":"gmail-api-worker","cleanedMsgsCount":100,"msg":"MSG_CLEANING_FINISHED"}
{"level":30,"time":"2026-03-17T16:34:18.293Z","module":"user-controller","msg":"MESSAGES_COLLECTION_STARTED"}
{"level":20,"time":"2026-03-17T16:34:18.293Z","module":"gmail-api-worker","hasPageToken":true,"actionWhere":"Retrieve_ids","msg":"SERVICE_INVOKED"}
{"level":20,"time":"2026-03-17T16:34:18.293Z","module":"gmail-api-worker","incomingParam":"unsubscribe","msg":"MSG_IDS_FETCH_STARTED"}
{"level":20,"time":"2026-03-17T16:34:18.480Z","module":"gmail-api-worker","msgIdsFound":100,"nextPageTokenFound":true,"msg":"MSG_IDS_FETCH_FINISHED"}
{"level":20,"time":"2026-03-17T16:34:18.480Z","module":"gmail-api-worker","msgIdsReceived":true,"actionWhere":"Retrieve_msgs","msg":"MSGS_FETCH_STARTED"}
{"level":20,"time":"2026-03-17T16:34:19.630Z","module":"gmail-api-worker","retrievedMsgCount":100,"msg":"MSGS_FETCH_FINISHED"}
{"level":20,"time":"2026-03-17T16:34:19.630Z","module":"gmail-api-worker","rawMessagesReceived":true,"actionWhere":"Clean_msgs_unsubscribe_mass_mailers","msg":"MSG_CLEANING_STARTED"}
{"level":20,"time":"2026-03-17T16:34:19.630Z","module":"gmail-api-worker","cleanedMsgsCount":100,"msg":"MSG_CLEANING_FINISHED"}
{"level":30,"time":"2026-03-17T16:34:19.630Z","module":"user-controller","msg":"MESSAGES_COLLECTION_STARTED"}
{"level":20,"time":"2026-03-17T16:34:19.630Z","module":"gmail-api-worker","hasPageToken":true,"actionWhere":"Retrieve_ids","msg":"SERVICE_INVOKED"}
{"level":20,"time":"2026-03-17T16:34:19.630Z","module":"gmail-api-worker","incomingParam":"unsubscribe","msg":"MSG_IDS_FETCH_STARTED"}
{"level":20,"time":"2026-03-17T16:34:19.831Z","module":"gmail-api-worker","msgIdsFound":100,"nextPageTokenFound":true,"msg":"MSG_IDS_FETCH_FINISHED"}
{"level":20,"time":"2026-03-17T16:34:19.831Z","module":"gmail-api-worker","msgIdsReceived":true,"actionWhere":"Retrieve_msgs","msg":"MSGS_FETCH_STARTED"}
{"level":20,"time":"2026-03-17T16:34:20.991Z","module":"gmail-api-worker","retrievedMsgCount":100,"msg":"MSGS_FETCH_FINISHED"}
{"level":20,"time":"2026-03-17T16:34:20.991Z","module":"gmail-api-worker","rawMessagesReceived":true,"actionWhere":"Clean_msgs_unsubscribe_mass_mailers","msg":"MSG_CLEANING_STARTED"}
{"level":20,"time":"2026-03-17T16:34:20.991Z","module":"gmail-api-worker","cleanedMsgsCount":100,"msg":"MSG_CLEANING_FINISHED"}
{"level":30,"time":"2026-03-17T16:34:20.992Z","module":"user-controller","messagesCollected":300,"pagesScanned":3,"msg":"MESSAGES_COLLECTION_COMPLETED"}
{"level":30,"time":"2026-03-17T16:34:20.993Z","module":"user-controller","msg":"MESSAGES_PROCESSING_STARTED"}
{"level":20,"time":"2026-03-17T16:34:20.993Z","module":"gmail-api-worker","cleanedMsgsReceived":true,"actionWhere":"Sort_msgs_unsubscribe_mass_mailers","msg":"MSG_SORTING_STARTED"}
{"level":20,"time":"2026-03-17T16:34:20.995Z","module":"gmail-api-worker","msgsMarkedForDelete":1,"msg":"MSG_SORTING_FINISHED"}
{"level":30,"time":"2026-03-17T16:34:20.995Z","module":"user-controller","messagesPreparedForTrash":1,"msg":"MESSAGES_PROCESSING_COMPLETED"}
{"level":30,"time":"2026-03-17T16:34:20.997Z","module":"user-controller","msg":"MESSAGES_EXECUTION_STARTED"}
{"level":30,"time":"2026-03-17T16:34:20.998Z","module":"user-controller","messagesTrashed":1,"msg":"MESSAGES_EXECUTION_COMPLETED"}
{"level":30,"time":"2026-03-17T16:34:21.000Z","module":"user-controller","msg":"MASTER_CONTROLLER_FINISHED"}
